[debug] [2020-01-14T15:51:16.005Z] ----------------------------------------------------------------------
[debug] [2020-01-14T15:51:16.012Z] Command:       C:\Program Files\nodejs\node.exe C:\Users\Usuario\AppData\Roaming\npm\node_modules\firebase-tools\lib\bin\firebase.js init
[debug] [2020-01-14T15:51:16.012Z] CLI Version:   7.12.0
[debug] [2020-01-14T15:51:16.013Z] Platform:      win32
[debug] [2020-01-14T15:51:16.013Z] Node Version:  v12.13.0
[debug] [2020-01-14T15:51:16.017Z] Time:          Tue Jan 14 2020 09:51:16 GMT-0600 (GMT-06:00)
[debug] [2020-01-14T15:51:16.017Z] ----------------------------------------------------------------------
[debug] [2020-01-14T15:51:16.017Z] 
[debug] [2020-01-14T15:51:16.043Z] > command requires scopes: ["email","openid","https://www.googleapis.com/auth/cloudplatformprojects.readonly","https://www.googleapis.com/auth/firebase","https://www.googleapis.com/auth/cloud-platform"]
[debug] [2020-01-14T15:51:16.045Z] > authorizing via signed-in user
[info] 
     ######## #### ########  ######## ########     ###     ######  ########
     ##        ##  ##     ## ##       ##     ##  ##   ##  ##       ##
     ######    ##  ########  ######   ########  #########  ######  ######
     ##        ##  ##    ##  ##       ##     ## ##     ##       ## ##
     ##       #### ##     ## ######## ########  ##     ##  ######  ########

You're about to initialize a Firebase project in this directory:

  C:\Users\Usuario\Desktop\Laboratoria\GDL004-social-network

[info] 
=== Project Setup
[info] 
[info] First, let's associate this project directory with a Firebase project.
[info] You can create multiple project aliases by running firebase use --add, 
[info] but for now we'll just set up a default project.
[info] 
[debug] [2020-01-14T15:51:36.199Z] >>> HTTP REQUEST GET https://firebase.googleapis.com/v1beta1/projects?pageSize=100  
 
[debug] [2020-01-14T15:51:36.873Z] <<< HTTP RESPONSE 200
[info] i  Using project red-social-b6cd2 (Red Social)
[info] 
=== Database Setup
[info] 
[info] Firebase Realtime Database Rules allow you to define how your data should be
[info] structured and when your data can be read from and written to.
[info] 
[info] Skipping overwrite of Database Rules.
[info] The rules defined in database.rules.json will be published when you do firebase deploy.
[info] 
=== Firestore Setup
[debug] [2020-01-14T15:51:53.747Z] > command requires scopes: ["email","openid","https://www.googleapis.com/auth/cloudplatformprojects.readonly","https://www.googleapis.com/auth/firebase","https://www.googleapis.com/auth/cloud-platform"]
[debug] [2020-01-14T15:51:53.749Z] > authorizing via signed-in user
[debug] [2020-01-14T15:51:53.750Z] [iam] checking project red-social-b6cd2 for permissions ["firebase.projects.get"]
[debug] [2020-01-14T15:51:53.751Z] >>> HTTP REQUEST POST https://cloudresourcemanager.googleapis.com/v1/projects/red-social-b6cd2:testIamPermissions  

[debug] [2020-01-14T15:51:54.168Z] <<< HTTP RESPONSE 200
[info] 
[info] Firestore Security Rules allow you to define how and when to allow
[info] requests. You can keep these rules in your project directory
[info] and publish them with firebase deploy.
[info] 
[debug] [2020-01-14T15:51:57.728Z] >>> HTTP REQUEST GET https://firebaserules.googleapis.com/v1/projects/red-social-b6cd2/releases?pageSize=10&pageToken=  
 
[debug] [2020-01-14T15:51:58.121Z] <<< HTTP RESPONSE 200
[debug] [2020-01-14T15:51:58.122Z] No rulesets found, using default.
[info] 
[info] Firestore indexes allow you to perform complex queries while
[info] maintaining performance that scales with the size of the result
[info] set. You can keep index definitions in your project directory
[info] and publish them with firebase deploy.
[info] 
[debug] [2020-01-14T15:51:59.856Z] >>> HTTP REQUEST GET https://firestore.googleapis.com/v1beta2/projects/red-social-b6cd2/databases/(default)/collectionGroups/-/indexes  
 
[debug] [2020-01-14T15:51:59.857Z] >>> HTTP REQUEST GET https://firestore.googleapis.com/v1beta2/projects/red-social-b6cd2/databases/(default)/collectionGroups/-/fields?filter=indexConfig.usesAncestorConfig=false  
 
[debug] [2020-01-14T15:52:00.395Z] <<< HTTP RESPONSE 400
[debug] [2020-01-14T15:52:00.396Z] <<< HTTP RESPONSE BODY
[info] 
=== Functions Setup
[info] 
[info] A functions directory will be created in your project with a Node.js
[info] package pre-configured. Functions can be deployed with firebase deploy.
[info] 
[debug] [2020-01-14T15:52:00.404Z] > command requires scopes: ["email","openid","https://www.googleapis.com/auth/cloudplatformprojects.readonly","https://www.googleapis.com/auth/firebase","https://www.googleapis.com/auth/cloud-platform"]
[debug] [2020-01-14T15:52:00.407Z] > authorizing via signed-in user
[debug] [2020-01-14T15:52:00.407Z] [iam] checking project red-social-b6cd2 for permissions ["firebase.projects.get"]
[debug] [2020-01-14T15:52:00.407Z] >>> HTTP REQUEST POST https://cloudresourcemanager.googleapis.com/v1/projects/red-social-b6cd2:testIamPermissions  

[debug] [2020-01-14T15:52:00.420Z] <<< HTTP RESPONSE 400
[debug] [2020-01-14T15:52:00.420Z] <<< HTTP RESPONSE BODY
[debug] [2020-01-14T15:52:00.947Z] <<< HTTP RESPONSE 200
[debug] [2020-01-14T15:52:00.949Z] >>> HTTP REQUEST POST https://serviceusage.googleapis.com/v1/projects/red-social-b6cd2/services/cloudfunctions.googleapis.com:enable  
 
[debug] [2020-01-14T15:52:00.951Z] >>> HTTP REQUEST POST https://serviceusage.googleapis.com/v1/projects/red-social-b6cd2/services/runtimeconfig.googleapis.com:enable  
 
[debug] [2020-01-14T15:52:01.692Z] <<< HTTP RESPONSE 200
[debug] [2020-01-14T15:52:01.707Z] <<< HTTP RESPONSE 200
[info] +  Wrote functions/package.json
[info] +  Wrote functions/.eslintrc.json
[info] +  Wrote functions/index.js
[info] +  Wrote functions/.gitignore
[info] 
=== Hosting Setup
[info] 
[info] Your public directory is the folder (relative to your project directory) that
[info] will contain Hosting assets to be uploaded with firebase deploy. If you
[info] have a build process for your assets, use your build's output directory.
[info] 
[debug] [2020-01-14T15:59:07.713Z] >>> HTTP REQUEST GET https://www.gstatic.com/firebasejs/releases.json  
 
[debug] [2020-01-14T15:59:08.034Z] <<< HTTP RESPONSE 200
[info] +  Wrote public/index.html
[info] 
=== Storage Setup
[info] 
[info] Firebase Storage Security Rules allow you to define how and when to allow
[info] uploads and downloads. You can keep these rules in your project directory
[info] and publish them with firebase deploy.
[info] 
[info] 
=== Emulators Setup
[info] i  firestore: downloading cloud-firestore-emulator-v1.10.2.jar...
[info] i  database: downloading firebase-database-emulator-v4.3.1.jar...
[info] i  pubsub: downloading pubsub-emulator-0.1.0.zip...
